<?xml version="1.0" encoding="UTF-8"?>
<coverage generated="1604933902909" clover="3.2.0">
  <project timestamp="1604933902909" name="All files">
    <metrics statements="91" coveredstatements="41" conditionals="22" coveredconditionals="10" methods="28" coveredmethods="8" elements="141" coveredelements="59" complexity="0" loc="91" ncloc="91" packages="7" files="10" classes="10"/>
    <package name="assets">
      <metrics statements="1" coveredstatements="1" conditionals="0" coveredconditionals="0" methods="0" coveredmethods="0"/>
      <file name="logo.png" path="C:\Users\monitorlab5.UNIFACEF\Documents\GitHub\Bootcamp-GoStack\mobile\src\assets\logo.png">
        <metrics statements="1" coveredstatements="1" conditionals="0" coveredconditionals="0" methods="0" coveredmethods="0"/>
        <line num="1" count="1" type="stmt"/>
      </file>
    </package>
    <package name="components.Button">
      <metrics statements="4" coveredstatements="4" conditionals="0" coveredconditionals="0" methods="1" coveredmethods="1"/>
      <file name="index.tsx" path="C:\Users\monitorlab5.UNIFACEF\Documents\GitHub\Bootcamp-GoStack\mobile\src\components\Button\index.tsx">
        <metrics statements="2" coveredstatements="2" conditionals="0" coveredconditionals="0" methods="1" coveredmethods="1"/>
        <line num="10" count="1" type="stmt"/>
        <line num="11" count="1" type="stmt"/>
      </file>
      <file name="styles.ts" path="C:\Users\monitorlab5.UNIFACEF\Documents\GitHub\Bootcamp-GoStack\mobile\src\components\Button\styles.ts">
        <metrics statements="2" coveredstatements="2" conditionals="0" coveredconditionals="0" methods="0" coveredmethods="0"/>
        <line num="4" count="1" type="stmt"/>
        <line num="14" count="1" type="stmt"/>
      </file>
    </package>
    <package name="components.Input">
      <metrics statements="26" coveredstatements="17" conditionals="10" coveredconditionals="7" methods="11" coveredmethods="5"/>
      <file name="index.tsx" path="C:\Users\monitorlab5.UNIFACEF\Documents\GitHub\Bootcamp-GoStack\mobile\src\components\Input\index.tsx">
        <metrics statements="21" coveredstatements="12" conditionals="6" coveredconditionals="5" methods="9" coveredmethods="3"/>
        <line num="21" count="1" type="cond" truecount="1" falsecount="0"/>
        <line num="22" count="2" type="cond" truecount="1" falsecount="0"/>
        <line num="23" count="2" type="stmt"/>
        <line num="24" count="2" type="stmt"/>
        <line num="26" count="2" type="stmt"/>
        <line num="27" count="2" type="stmt"/>
        <line num="29" count="2" type="stmt"/>
        <line num="30" count="0" type="stmt"/>
        <line num="33" count="2" type="stmt"/>
        <line num="34" count="0" type="stmt"/>
        <line num="36" count="0" type="stmt"/>
        <line num="39" count="2" type="stmt"/>
        <line num="41" count="0" type="stmt"/>
        <line num="45" count="2" type="stmt"/>
        <line num="46" count="2" type="stmt"/>
        <line num="51" count="0" type="stmt"/>
        <line num="52" count="0" type="stmt"/>
        <line num="55" count="0" type="stmt"/>
        <line num="56" count="0" type="stmt"/>
        <line num="61" count="2" type="stmt"/>
        <line num="73" count="0" type="stmt"/>
      </file>
      <file name="styles.ts" path="C:\Users\monitorlab5.UNIFACEF\Documents\GitHub\Bootcamp-GoStack\mobile\src\components\Input\styles.ts">
        <metrics statements="5" coveredstatements="5" conditionals="4" coveredconditionals="2" methods="2" coveredmethods="2"/>
        <line num="9" count="1" type="stmt"/>
        <line num="21" count="2" type="cond" truecount="1" falsecount="1"/>
        <line num="25" count="2" type="cond" truecount="1" falsecount="1"/>
        <line num="30" count="1" type="stmt"/>
        <line num="37" count="1" type="stmt"/>
      </file>
    </package>
    <package name="hooks">
      <metrics statements="29" coveredstatements="5" conditionals="6" coveredconditionals="1" methods="7" coveredmethods="1"/>
      <file name="auth.tsx" path="C:\Users\monitorlab5.UNIFACEF\Documents\GitHub\Bootcamp-GoStack\mobile\src\hooks\auth.tsx">
        <metrics statements="29" coveredstatements="5" conditionals="6" coveredconditionals="1" methods="7" coveredmethods="1"/>
        <line num="31" count="1" type="stmt"/>
        <line num="33" count="1" type="stmt"/>
        <line num="34" count="0" type="stmt"/>
        <line num="35" count="0" type="stmt"/>
        <line num="37" count="0" type="stmt"/>
        <line num="39" count="0" type="stmt"/>
        <line num="41" count="0" type="stmt"/>
        <line num="43" count="0" type="cond" truecount="0" falsecount="4"/>
        <line num="44" count="0" type="stmt"/>
        <line num="46" count="0" type="stmt"/>
        <line num="49" count="0" type="stmt"/>
        <line num="52" count="0" type="stmt"/>
        <line num="55" count="0" type="stmt"/>
        <line num="56" count="0" type="stmt"/>
        <line num="61" count="0" type="stmt"/>
        <line num="63" count="0" type="stmt"/>
        <line num="68" count="0" type="stmt"/>
        <line num="70" count="0" type="stmt"/>
        <line num="73" count="0" type="stmt"/>
        <line num="74" count="0" type="stmt"/>
        <line num="78" count="0" type="stmt"/>
        <line num="81" count="0" type="stmt"/>
        <line num="82" count="0" type="stmt"/>
        <line num="84" count="0" type="stmt"/>
        <line num="90" count="0" type="stmt"/>
        <line num="98" count="1" type="stmt"/>
        <line num="100" count="1" type="cond" truecount="1" falsecount="1"/>
        <line num="101" count="0" type="stmt"/>
        <line num="103" count="1" type="stmt"/>
      </file>
    </package>
    <package name="pages.Login">
      <metrics statements="26" coveredstatements="13" conditionals="6" coveredconditionals="2" methods="7" coveredmethods="1"/>
      <file name="index.tsx" path="C:\Users\monitorlab5.UNIFACEF\Documents\GitHub\Bootcamp-GoStack\mobile\src\pages\Login\index.tsx">
        <metrics statements="20" coveredstatements="7" conditionals="4" coveredconditionals="1" methods="7" coveredmethods="1"/>
        <line num="24" count="1" type="stmt"/>
        <line num="25" count="1" type="stmt"/>
        <line num="26" count="1" type="stmt"/>
        <line num="27" count="1" type="stmt"/>
        <line num="29" count="1" type="stmt"/>
        <line num="31" count="1" type="stmt"/>
        <line num="32" count="0" type="stmt"/>
        <line num="33" count="0" type="stmt"/>
        <line num="35" count="0" type="stmt"/>
        <line num="40" count="0" type="stmt"/>
        <line num="42" count="0" type="stmt"/>
        <line num="44" count="0" type="cond" truecount="0" falsecount="2"/>
        <line num="45" count="0" type="stmt"/>
        <line num="47" count="0" type="stmt"/>
        <line num="50" count="0" type="stmt"/>
        <line num="57" count="1" type="stmt"/>
        <line num="84" count="0" type="stmt"/>
        <line num="96" count="0" type="stmt"/>
        <line num="101" count="0" type="stmt"/>
        <line num="112" count="0" type="stmt"/>
      </file>
      <file name="styles.ts" path="C:\Users\monitorlab5.UNIFACEF\Documents\GitHub\Bootcamp-GoStack\mobile\src\pages\Login\styles.ts">
        <metrics statements="6" coveredstatements="6" conditionals="2" coveredconditionals="1" methods="0" coveredmethods="0"/>
        <line num="5" count="1" type="stmt"/>
        <line num="12" count="1" type="stmt"/>
        <line num="19" count="1" type="stmt"/>
        <line num="23" count="1" type="stmt"/>
        <line num="29" count="1" type="stmt"/>
        <line num="43" count="1" type="stmt"/>
      </file>
    </package>
    <package name="services">
      <metrics statements="1" coveredstatements="1" conditionals="0" coveredconditionals="0" methods="0" coveredmethods="0"/>
      <file name="api.ts" path="C:\Users\monitorlab5.UNIFACEF\Documents\GitHub\Bootcamp-GoStack\mobile\src\services\api.ts">
        <metrics statements="1" coveredstatements="1" conditionals="0" coveredconditionals="0" methods="0" coveredmethods="0"/>
        <line num="3" count="1" type="stmt"/>
      </file>
    </package>
    <package name="utils">
      <metrics statements="4" coveredstatements="0" conditionals="0" coveredconditionals="0" methods="2" coveredmethods="0"/>
      <file name="getValidationErrors.ts" path="C:\Users\monitorlab5.UNIFACEF\Documents\GitHub\Bootcamp-GoStack\mobile\src\utils\getValidationErrors.ts">
        <metrics statements="4" coveredstatements="0" conditionals="0" coveredconditionals="0" methods="2" coveredmethods="0"/>
        <line num="8" count="0" type="stmt"/>
        <line num="10" count="0" type="stmt"/>
        <line num="11" count="0" type="stmt"/>
        <line num="14" count="0" type="stmt"/>
      </file>
    </package>
  </project>
</coverage>
