{"C:\\Users\\monitorlab5.UNIFACEF\\Documents\\GitHub\\Bootcamp-GoStack\\mobile\\src\\assets\\logo.png": {"path":"C:\\Users\\monitorlab5.UNIFACEF\\Documents\\GitHub\\Bootcamp-GoStack\\mobile\\src\\assets\\logo.png","statementMap":{"0":{"start":{"line":1,"column":0},"end":{"line":4,"column":6}}},"fnMap":{},"branchMap":{},"s":{"0":1},"f":{},"b":{},"inputSourceMap":null,"_coverageSchema":"1a1c01bbd47fc00a2c39e90264f33305004495a9","hash":"439bd5e42b0d4cb09a7aa5ab3c5d7bec27475364"}
,"C:\\Users\\monitorlab5.UNIFACEF\\Documents\\GitHub\\Bootcamp-GoStack\\mobile\\src\\components\\Button\\index.tsx": {"path":"C:\\Users\\monitorlab5.UNIFACEF\\Documents\\GitHub\\Bootcamp-GoStack\\mobile\\src\\components\\Button\\index.tsx","statementMap":{"0":{"start":{"line":10,"column":38},"end":{"line":16,"column":1}},"1":{"start":{"line":11,"column":4},"end":{"line":15,"column":6}}},"fnMap":{"0":{"name":"(anonymous_0)","decl":{"start":{"line":10,"column":38},"end":{"line":10,"column":39}},"loc":{"start":{"line":10,"column":65},"end":{"line":16,"column":1}},"line":10}},"branchMap":{},"s":{"0":1,"1":1},"f":{"0":1},"b":{},"_coverageSchema":"1a1c01bbd47fc00a2c39e90264f33305004495a9","hash":"ac1ef692e21df000feb94cdac562a15820d08611"}
,"C:\\Users\\monitorlab5.UNIFACEF\\Documents\\GitHub\\Bootcamp-GoStack\\mobile\\src\\components\\Button\\styles.ts": {"path":"C:\\Users\\monitorlab5.UNIFACEF\\Documents\\GitHub\\Bootcamp-GoStack\\mobile\\src\\components\\Button\\styles.ts","statementMap":{"0":{"start":{"line":4,"column":25},"end":{"line":12,"column":1}},"1":{"start":{"line":14,"column":26},"end":{"line":18,"column":1}}},"fnMap":{},"branchMap":{},"s":{"0":1,"1":1},"f":{},"b":{},"_coverageSchema":"1a1c01bbd47fc00a2c39e90264f33305004495a9","hash":"98e697946e28309f896482512a42e8138dc1c0fd"}
,"C:\\Users\\monitorlab5.UNIFACEF\\Documents\\GitHub\\Bootcamp-GoStack\\mobile\\src\\components\\Input\\index.tsx": {"path":"C:\\Users\\monitorlab5.UNIFACEF\\Documents\\GitHub\\Bootcamp-GoStack\\mobile\\src\\components\\Input\\index.tsx","statementMap":{"0":{"start":{"line":21,"column":68},"end":{"line":78,"column":1}},"1":{"start":{"line":22,"column":67},"end":{"line":22,"column":81}},"2":{"start":{"line":23,"column":26},"end":{"line":23,"column":62}},"3":{"start":{"line":24,"column":28},"end":{"line":24,"column":45}},"4":{"start":{"line":26,"column":38},"end":{"line":26,"column":53}},"5":{"start":{"line":27,"column":36},"end":{"line":27,"column":51}},"6":{"start":{"line":29,"column":29},"end":{"line":31,"column":10}},"7":{"start":{"line":30,"column":8},"end":{"line":30,"column":27}},"8":{"start":{"line":33,"column":28},"end":{"line":37,"column":10}},"9":{"start":{"line":34,"column":8},"end":{"line":34,"column":27}},"10":{"start":{"line":36,"column":8},"end":{"line":36,"column":51}},"11":{"start":{"line":39,"column":4},"end":{"line":43,"column":8}},"12":{"start":{"line":39,"column":36},"end":{"line":43,"column":5}},"13":{"start":{"line":41,"column":12},"end":{"line":41,"column":44}},"14":{"start":{"line":45,"column":4},"end":{"line":59,"column":35}},"15":{"start":{"line":46,"column":8},"end":{"line":58,"column":11}},"16":{"start":{"line":51,"column":16},"end":{"line":51,"column":52}},"17":{"start":{"line":52,"column":16},"end":{"line":52,"column":72}},"18":{"start":{"line":55,"column":16},"end":{"line":55,"column":49}},"19":{"start":{"line":56,"column":16},"end":{"line":56,"column":48}},"20":{"start":{"line":61,"column":4},"end":{"line":77,"column":6}},"21":{"start":{"line":73,"column":20},"end":{"line":73,"column":55}}},"fnMap":{"0":{"name":"(anonymous_0)","decl":{"start":{"line":21,"column":68},"end":{"line":21,"column":69}},"loc":{"start":{"line":21,"column":123},"end":{"line":78,"column":1}},"line":21},"1":{"name":"(anonymous_1)","decl":{"start":{"line":29,"column":41},"end":{"line":29,"column":42}},"loc":{"start":{"line":29,"column":47},"end":{"line":31,"column":5}},"line":29},"2":{"name":"(anonymous_2)","decl":{"start":{"line":33,"column":40},"end":{"line":33,"column":41}},"loc":{"start":{"line":33,"column":46},"end":{"line":37,"column":5}},"line":33},"3":{"name":"(anonymous_3)","decl":{"start":{"line":39,"column":29},"end":{"line":39,"column":30}},"loc":{"start":{"line":39,"column":36},"end":{"line":43,"column":5}},"line":39},"4":{"name":"(anonymous_4)","decl":{"start":{"line":40,"column":8},"end":{"line":40,"column":9}},"loc":{"start":{"line":40,"column":16},"end":{"line":42,"column":9}},"line":40},"5":{"name":"(anonymous_5)","decl":{"start":{"line":45,"column":14},"end":{"line":45,"column":15}},"loc":{"start":{"line":45,"column":20},"end":{"line":59,"column":5}},"line":45},"6":{"name":"(anonymous_6)","decl":{"start":{"line":50,"column":12},"end":{"line":50,"column":13}},"loc":{"start":{"line":50,"column":38},"end":{"line":53,"column":13}},"line":50},"7":{"name":"(anonymous_7)","decl":{"start":{"line":54,"column":12},"end":{"line":54,"column":13}},"loc":{"start":{"line":54,"column":25},"end":{"line":57,"column":13}},"line":54},"8":{"name":"(anonymous_8)","decl":{"start":{"line":72,"column":30},"end":{"line":72,"column":31}},"loc":{"start":{"line":72,"column":39},"end":{"line":74,"column":17}},"line":72}},"branchMap":{"0":{"loc":{"start":{"line":21,"column":83},"end":{"line":21,"column":102}},"type":"default-arg","locations":[{"start":{"line":21,"column":100},"end":{"line":21,"column":102}}],"line":21},"1":{"loc":{"start":{"line":22,"column":45},"end":{"line":22,"column":62}},"type":"default-arg","locations":[{"start":{"line":22,"column":60},"end":{"line":22,"column":62}}],"line":22},"2":{"loc":{"start":{"line":63,"column":47},"end":{"line":63,"column":92}},"type":"cond-expr","locations":[{"start":{"line":63,"column":71},"end":{"line":63,"column":80}},{"start":{"line":63,"column":83},"end":{"line":63,"column":92}}],"line":63},"3":{"loc":{"start":{"line":63,"column":47},"end":{"line":63,"column":68}},"type":"binary-expr","locations":[{"start":{"line":63,"column":47},"end":{"line":63,"column":55}},{"start":{"line":63,"column":59},"end":{"line":63,"column":68}}],"line":63}},"s":{"0":1,"1":2,"2":2,"3":2,"4":2,"5":2,"6":2,"7":0,"8":2,"9":0,"10":0,"11":2,"12":1,"13":0,"14":2,"15":2,"16":0,"17":0,"18":0,"19":0,"20":2,"21":0},"f":{"0":2,"1":0,"2":0,"3":1,"4":0,"5":2,"6":0,"7":0,"8":0},"b":{"0":[2],"1":[2],"2":[0,2],"3":[2,2]},"_coverageSchema":"1a1c01bbd47fc00a2c39e90264f33305004495a9","hash":"486ed7db766511b68cab02ff7b5afba1d8ca3f71"}
,"C:\\Users\\monitorlab5.UNIFACEF\\Documents\\GitHub\\Bootcamp-GoStack\\mobile\\src\\components\\Input\\styles.ts": {"path":"C:\\Users\\monitorlab5.UNIFACEF\\Documents\\GitHub\\Bootcamp-GoStack\\mobile\\src\\components\\Input\\styles.ts","statementMap":{"0":{"start":{"line":9,"column":25},"end":{"line":28,"column":1}},"1":{"start":{"line":21,"column":15},"end":{"line":23,"column":5}},"2":{"start":{"line":25,"column":15},"end":{"line":27,"column":5}},"3":{"start":{"line":30,"column":25},"end":{"line":35,"column":1}},"4":{"start":{"line":37,"column":20},"end":{"line":39,"column":1}}},"fnMap":{"0":{"name":"(anonymous_0)","decl":{"start":{"line":21,"column":6},"end":{"line":21,"column":7}},"loc":{"start":{"line":21,"column":15},"end":{"line":23,"column":5}},"line":21},"1":{"name":"(anonymous_1)","decl":{"start":{"line":25,"column":6},"end":{"line":25,"column":7}},"loc":{"start":{"line":25,"column":15},"end":{"line":27,"column":5}},"line":25}},"branchMap":{"0":{"loc":{"start":{"line":21,"column":15},"end":{"line":23,"column":5}},"type":"binary-expr","locations":[{"start":{"line":21,"column":15},"end":{"line":21,"column":30}},{"start":{"line":21,"column":34},"end":{"line":23,"column":5}}],"line":21},"1":{"loc":{"start":{"line":25,"column":15},"end":{"line":27,"column":5}},"type":"binary-expr","locations":[{"start":{"line":25,"column":15},"end":{"line":25,"column":30}},{"start":{"line":25,"column":34},"end":{"line":27,"column":5}}],"line":25}},"s":{"0":1,"1":2,"2":2,"3":1,"4":1},"f":{"0":2,"1":2},"b":{"0":[2,0],"1":[2,0]},"_coverageSchema":"1a1c01bbd47fc00a2c39e90264f33305004495a9","hash":"74f9def14396783cacf8d8f436540dc36686f607"}
,"C:\\Users\\monitorlab5.UNIFACEF\\Documents\\GitHub\\Bootcamp-GoStack\\mobile\\src\\hooks\\auth.tsx": {"path":"C:\\Users\\monitorlab5.UNIFACEF\\Documents\\GitHub\\Bootcamp-GoStack\\mobile\\src\\hooks\\auth.tsx","statementMap":{"0":{"start":{"line":31,"column":20},"end":{"line":31,"column":69}},"1":{"start":{"line":33,"column":38},"end":{"line":95,"column":1}},"2":{"start":{"line":34,"column":28},"end":{"line":34,"column":62}},"3":{"start":{"line":35,"column":34},"end":{"line":35,"column":48}},"4":{"start":{"line":37,"column":4},"end":{"line":53,"column":11}},"5":{"start":{"line":39,"column":12},"end":{"line":39,"column":29}},"6":{"start":{"line":41,"column":34},"end":{"line":41,"column":100}},"7":{"start":{"line":43,"column":12},"end":{"line":47,"column":13}},"8":{"start":{"line":44,"column":16},"end":{"line":44,"column":71}},"9":{"start":{"line":46,"column":16},"end":{"line":46,"column":72}},"10":{"start":{"line":49,"column":12},"end":{"line":49,"column":30}},"11":{"start":{"line":52,"column":8},"end":{"line":52,"column":26}},"12":{"start":{"line":55,"column":18},"end":{"line":71,"column":10}},"13":{"start":{"line":56,"column":25},"end":{"line":59,"column":10}},"14":{"start":{"line":61,"column":30},"end":{"line":61,"column":43}},"15":{"start":{"line":63,"column":8},"end":{"line":66,"column":11}},"16":{"start":{"line":68,"column":8},"end":{"line":68,"column":63}},"17":{"start":{"line":70,"column":8},"end":{"line":70,"column":33}},"18":{"start":{"line":73,"column":19},"end":{"line":79,"column":10}},"19":{"start":{"line":74,"column":8},"end":{"line":76,"column":10}},"20":{"start":{"line":78,"column":8},"end":{"line":78,"column":32}},"21":{"start":{"line":81,"column":23},"end":{"line":88,"column":29}},"22":{"start":{"line":82,"column":8},"end":{"line":82,"column":75}},"23":{"start":{"line":84,"column":8},"end":{"line":87,"column":11}},"24":{"start":{"line":90,"column":4},"end":{"line":94,"column":5}},"25":{"start":{"line":98,"column":20},"end":{"line":98,"column":43}},"26":{"start":{"line":100,"column":4},"end":{"line":101,"column":72}},"27":{"start":{"line":101,"column":8},"end":{"line":101,"column":72}},"28":{"start":{"line":103,"column":4},"end":{"line":103,"column":19}}},"fnMap":{"0":{"name":"(anonymous_0)","decl":{"start":{"line":33,"column":38},"end":{"line":33,"column":39}},"loc":{"start":{"line":33,"column":56},"end":{"line":95,"column":1}},"line":33},"1":{"name":"(anonymous_1)","decl":{"start":{"line":37,"column":14},"end":{"line":37,"column":15}},"loc":{"start":{"line":37,"column":20},"end":{"line":53,"column":5}},"line":37},"2":{"name":"loadStorageData","decl":{"start":{"line":38,"column":23},"end":{"line":38,"column":38}},"loc":{"start":{"line":38,"column":56},"end":{"line":50,"column":9}},"line":38},"3":{"name":"(anonymous_3)","decl":{"start":{"line":55,"column":30},"end":{"line":55,"column":31}},"loc":{"start":{"line":55,"column":61},"end":{"line":71,"column":5}},"line":55},"4":{"name":"(anonymous_4)","decl":{"start":{"line":73,"column":31},"end":{"line":73,"column":32}},"loc":{"start":{"line":73,"column":43},"end":{"line":79,"column":5}},"line":73},"5":{"name":"(anonymous_5)","decl":{"start":{"line":81,"column":35},"end":{"line":81,"column":36}},"loc":{"start":{"line":81,"column":57},"end":{"line":88,"column":5}},"line":81},"6":{"name":"useAuth","decl":{"start":{"line":97,"column":16},"end":{"line":97,"column":23}},"loc":{"start":{"line":97,"column":41},"end":{"line":104,"column":1}},"line":97}},"branchMap":{"0":{"loc":{"start":{"line":43,"column":12},"end":{"line":47,"column":13}},"type":"if","locations":[{"start":{"line":43,"column":12},"end":{"line":47,"column":13}},{"start":{"line":43,"column":12},"end":{"line":47,"column":13}}],"line":43},"1":{"loc":{"start":{"line":43,"column":15},"end":{"line":43,"column":34}},"type":"binary-expr","locations":[{"start":{"line":43,"column":15},"end":{"line":43,"column":23}},{"start":{"line":43,"column":27},"end":{"line":43,"column":34}}],"line":43},"2":{"loc":{"start":{"line":100,"column":4},"end":{"line":101,"column":72}},"type":"if","locations":[{"start":{"line":100,"column":4},"end":{"line":101,"column":72}},{"start":{"line":100,"column":4},"end":{"line":101,"column":72}}],"line":100}},"s":{"0":1,"1":1,"2":0,"3":0,"4":0,"5":0,"6":0,"7":0,"8":0,"9":0,"10":0,"11":0,"12":0,"13":0,"14":0,"15":0,"16":0,"17":0,"18":0,"19":0,"20":0,"21":0,"22":0,"23":0,"24":0,"25":1,"26":1,"27":0,"28":1},"f":{"0":0,"1":0,"2":0,"3":0,"4":0,"5":0,"6":1},"b":{"0":[0,0],"1":[0,0],"2":[0,1]},"_coverageSchema":"1a1c01bbd47fc00a2c39e90264f33305004495a9","hash":"f59bbb7490476d1790c7affd3400531efea9e3f4"}
,"C:\\Users\\monitorlab5.UNIFACEF\\Documents\\GitHub\\Bootcamp-GoStack\\mobile\\src\\pages\\Login\\index.tsx": {"path":"C:\\Users\\monitorlab5.UNIFACEF\\Documents\\GitHub\\Bootcamp-GoStack\\mobile\\src\\pages\\Login\\index.tsx","statementMap":{"0":{"start":{"line":24,"column":24},"end":{"line":119,"column":1}},"1":{"start":{"line":25,"column":23},"end":{"line":25,"column":38}},"2":{"start":{"line":26,"column":20},"end":{"line":26,"column":45}},"3":{"start":{"line":27,"column":29},"end":{"line":27,"column":52}},"4":{"start":{"line":29,"column":22},"end":{"line":29,"column":31}},"5":{"start":{"line":31,"column":24},"end":{"line":55,"column":15}},"6":{"start":{"line":32,"column":8},"end":{"line":54,"column":9}},"7":{"start":{"line":33,"column":12},"end":{"line":33,"column":43}},"8":{"start":{"line":35,"column":27},"end":{"line":38,"column":14}},"9":{"start":{"line":40,"column":12},"end":{"line":40,"column":63}},"10":{"start":{"line":42,"column":12},"end":{"line":42,"column":24}},"11":{"start":{"line":44,"column":12},"end":{"line":48,"column":13}},"12":{"start":{"line":45,"column":31},"end":{"line":45,"column":55}},"13":{"start":{"line":47,"column":16},"end":{"line":47,"column":51}},"14":{"start":{"line":50,"column":12},"end":{"line":53,"column":14}},"15":{"start":{"line":57,"column":4},"end":{"line":118,"column":6}},"16":{"start":{"line":84,"column":36},"end":{"line":84,"column":69}},"17":{"start":{"line":96,"column":36},"end":{"line":96,"column":65}},"18":{"start":{"line":101,"column":32},"end":{"line":101,"column":61}},"19":{"start":{"line":112,"column":42},"end":{"line":112,"column":71}}},"fnMap":{"0":{"name":"(anonymous_0)","decl":{"start":{"line":24,"column":24},"end":{"line":24,"column":25}},"loc":{"start":{"line":24,"column":30},"end":{"line":119,"column":1}},"line":24},"1":{"name":"(anonymous_1)","decl":{"start":{"line":31,"column":36},"end":{"line":31,"column":37}},"loc":{"start":{"line":31,"column":67},"end":{"line":55,"column":5}},"line":31},"2":{"name":"(anonymous_2)","decl":{"start":{"line":83,"column":49},"end":{"line":83,"column":50}},"loc":{"start":{"line":83,"column":55},"end":{"line":85,"column":33}},"line":83},"3":{"name":"(anonymous_3)","decl":{"start":{"line":95,"column":49},"end":{"line":95,"column":50}},"loc":{"start":{"line":95,"column":55},"end":{"line":97,"column":33}},"line":95},"4":{"name":"(anonymous_4)","decl":{"start":{"line":100,"column":45},"end":{"line":100,"column":46}},"loc":{"start":{"line":100,"column":51},"end":{"line":102,"column":29}},"line":100},"5":{"name":"(anonymous_5)","decl":{"start":{"line":105,"column":49},"end":{"line":105,"column":50}},"loc":{"start":{"line":105,"column":55},"end":{"line":105,"column":57}},"line":105},"6":{"name":"(anonymous_6)","decl":{"start":{"line":112,"column":36},"end":{"line":112,"column":37}},"loc":{"start":{"line":112,"column":42},"end":{"line":112,"column":71}},"line":112}},"branchMap":{"0":{"loc":{"start":{"line":44,"column":12},"end":{"line":48,"column":13}},"type":"if","locations":[{"start":{"line":44,"column":12},"end":{"line":48,"column":13}},{"start":{"line":44,"column":12},"end":{"line":48,"column":13}}],"line":44},"1":{"loc":{"start":{"line":61,"column":26},"end":{"line":61,"column":71}},"type":"cond-expr","locations":[{"start":{"line":61,"column":50},"end":{"line":61,"column":59}},{"start":{"line":61,"column":62},"end":{"line":61,"column":71}}],"line":61}},"s":{"0":1,"1":1,"2":1,"3":1,"4":1,"5":1,"6":0,"7":0,"8":0,"9":0,"10":0,"11":0,"12":0,"13":0,"14":0,"15":1,"16":0,"17":0,"18":0,"19":0},"f":{"0":1,"1":0,"2":0,"3":0,"4":0,"5":0,"6":0},"b":{"0":[0,0],"1":[1,0]},"_coverageSchema":"1a1c01bbd47fc00a2c39e90264f33305004495a9","hash":"2f91456ceab0ca0dded46006f0aeecca0fe06885"}
,"C:\\Users\\monitorlab5.UNIFACEF\\Documents\\GitHub\\Bootcamp-GoStack\\mobile\\src\\pages\\Login\\styles.ts": {"path":"C:\\Users\\monitorlab5.UNIFACEF\\Documents\\GitHub\\Bootcamp-GoStack\\mobile\\src\\pages\\Login\\styles.ts","statementMap":{"0":{"start":{"line":5,"column":25},"end":{"line":10,"column":1}},"1":{"start":{"line":12,"column":21},"end":{"line":17,"column":1}},"2":{"start":{"line":19,"column":30},"end":{"line":21,"column":1}},"3":{"start":{"line":23,"column":34},"end":{"line":27,"column":1}},"4":{"start":{"line":29,"column":29},"end":{"line":41,"column":1}},"5":{"start":{"line":43,"column":33},"end":{"line":48,"column":1}}},"fnMap":{},"branchMap":{"0":{"loc":{"start":{"line":9,"column":22},"end":{"line":9,"column":58}},"type":"cond-expr","locations":[{"start":{"line":9,"column":50},"end":{"line":9,"column":53}},{"start":{"line":9,"column":56},"end":{"line":9,"column":58}}],"line":9}},"s":{"0":1,"1":1,"2":1,"3":1,"4":1,"5":1},"f":{},"b":{"0":[0,1]},"_coverageSchema":"1a1c01bbd47fc00a2c39e90264f33305004495a9","hash":"32c5669e7fd08e5de00d40a12ab810b54fa06159"}
,"C:\\Users\\monitorlab5.UNIFACEF\\Documents\\GitHub\\Bootcamp-GoStack\\mobile\\src\\services\\api.ts": {"path":"C:\\Users\\monitorlab5.UNIFACEF\\Documents\\GitHub\\Bootcamp-GoStack\\mobile\\src\\services\\api.ts","statementMap":{"0":{"start":{"line":3,"column":12},"end":{"line":5,"column":2}}},"fnMap":{},"branchMap":{},"s":{"0":1},"f":{},"b":{},"_coverageSchema":"1a1c01bbd47fc00a2c39e90264f33305004495a9","hash":"bfb4647a26d34bcea84bb06412b4de5016838e00"}
,"C:\\Users\\monitorlab5.UNIFACEF\\Documents\\GitHub\\Bootcamp-GoStack\\mobile\\src\\utils\\getValidationErrors.ts": {"path":"C:\\Users\\monitorlab5.UNIFACEF\\Documents\\GitHub\\Bootcamp-GoStack\\mobile\\src\\utils\\getValidationErrors.ts","statementMap":{"0":{"start":{"line":8,"column":42},"end":{"line":8,"column":44}},"1":{"start":{"line":10,"column":4},"end":{"line":12,"column":7}},"2":{"start":{"line":11,"column":8},"end":{"line":11,"column":53}},"3":{"start":{"line":14,"column":4},"end":{"line":14,"column":28}}},"fnMap":{"0":{"name":"getValidationErrors","decl":{"start":{"line":7,"column":24},"end":{"line":7,"column":43}},"loc":{"start":{"line":7,"column":79},"end":{"line":15,"column":1}},"line":7},"1":{"name":"(anonymous_1)","decl":{"start":{"line":10,"column":22},"end":{"line":10,"column":23}},"loc":{"start":{"line":10,"column":33},"end":{"line":12,"column":5}},"line":10}},"branchMap":{},"s":{"0":0,"1":0,"2":0,"3":0},"f":{"0":0,"1":0},"b":{},"_coverageSchema":"1a1c01bbd47fc00a2c39e90264f33305004495a9","hash":"8d93691326f89e6227223d74a0046afaa77b6888"}
}
