TN:
SF:src\assets\logo.png
FNF:0
FNH:0
DA:1,1
LF:1
LH:1
BRF:0
BRH:0
end_of_record
TN:
SF:src\components\Button\index.tsx
FN:10,(anonymous_0)
FNF:1
FNH:1
FNDA:1,(anonymous_0)
DA:10,1
DA:11,1
LF:2
LH:2
BRF:0
BRH:0
end_of_record
TN:
SF:src\components\Button\styles.ts
FNF:0
FNH:0
DA:4,1
DA:14,1
LF:2
LH:2
BRF:0
BRH:0
end_of_record
TN:
SF:src\components\Input\index.tsx
FN:21,(anonymous_0)
FN:29,(anonymous_1)
FN:33,(anonymous_2)
FN:39,(anonymous_3)
FN:40,(anonymous_4)
FN:45,(anonymous_5)
FN:50,(anonymous_6)
FN:54,(anonymous_7)
FN:72,(anonymous_8)
FNF:9
FNH:3
FNDA:2,(anonymous_0)
FNDA:0,(anonymous_1)
FNDA:0,(anonymous_2)
FNDA:1,(anonymous_3)
FNDA:0,(anonymous_4)
FNDA:2,(anonymous_5)
FNDA:0,(anonymous_6)
FNDA:0,(anonymous_7)
FNDA:0,(anonymous_8)
DA:21,1
DA:22,2
DA:23,2
DA:24,2
DA:26,2
DA:27,2
DA:29,2
DA:30,0
DA:33,2
DA:34,0
DA:36,0
DA:39,2
DA:41,0
DA:45,2
DA:46,2
DA:51,0
DA:52,0
DA:55,0
DA:56,0
DA:61,2
DA:73,0
LF:21
LH:12
BRDA:21,0,0,2
BRDA:22,1,0,2
BRDA:63,2,0,0
BRDA:63,2,1,2
BRDA:63,3,0,2
BRDA:63,3,1,2
BRF:6
BRH:5
end_of_record
TN:
SF:src\components\Input\styles.ts
FN:21,(anonymous_0)
FN:25,(anonymous_1)
FNF:2
FNH:2
FNDA:2,(anonymous_0)
FNDA:2,(anonymous_1)
DA:9,1
DA:21,2
DA:25,2
DA:30,1
DA:37,1
LF:5
LH:5
BRDA:21,0,0,2
BRDA:21,0,1,0
BRDA:25,1,0,2
BRDA:25,1,1,0
BRF:4
BRH:2
end_of_record
TN:
SF:src\hooks\auth.tsx
FN:33,(anonymous_0)
FN:37,(anonymous_1)
FN:38,loadStorageData
FN:55,(anonymous_3)
FN:73,(anonymous_4)
FN:81,(anonymous_5)
FN:97,useAuth
FNF:7
FNH:1
FNDA:0,(anonymous_0)
FNDA:0,(anonymous_1)
FNDA:0,loadStorageData
FNDA:0,(anonymous_3)
FNDA:0,(anonymous_4)
FNDA:0,(anonymous_5)
FNDA:1,useAuth
DA:31,1
DA:33,1
DA:34,0
DA:35,0
DA:37,0
DA:39,0
DA:41,0
DA:43,0
DA:44,0
DA:46,0
DA:49,0
DA:52,0
DA:55,0
DA:56,0
DA:61,0
DA:63,0
DA:68,0
DA:70,0
DA:73,0
DA:74,0
DA:78,0
DA:81,0
DA:82,0
DA:84,0
DA:90,0
DA:98,1
DA:100,1
DA:101,0
DA:103,1
LF:29
LH:5
BRDA:43,0,0,0
BRDA:43,0,1,0
BRDA:43,1,0,0
BRDA:43,1,1,0
BRDA:100,2,0,0
BRDA:100,2,1,1
BRF:6
BRH:1
end_of_record
TN:
SF:src\pages\Login\index.tsx
FN:24,(anonymous_0)
FN:31,(anonymous_1)
FN:83,(anonymous_2)
FN:95,(anonymous_3)
FN:100,(anonymous_4)
FN:105,(anonymous_5)
FN:112,(anonymous_6)
FNF:7
FNH:1
FNDA:1,(anonymous_0)
FNDA:0,(anonymous_1)
FNDA:0,(anonymous_2)
FNDA:0,(anonymous_3)
FNDA:0,(anonymous_4)
FNDA:0,(anonymous_5)
FNDA:0,(anonymous_6)
DA:24,1
DA:25,1
DA:26,1
DA:27,1
DA:29,1
DA:31,1
DA:32,0
DA:33,0
DA:35,0
DA:40,0
DA:42,0
DA:44,0
DA:45,0
DA:47,0
DA:50,0
DA:57,1
DA:84,0
DA:96,0
DA:101,0
DA:112,0
LF:20
LH:7
BRDA:44,0,0,0
BRDA:44,0,1,0
BRDA:61,1,0,1
BRDA:61,1,1,0
BRF:4
BRH:1
end_of_record
TN:
SF:src\pages\Login\styles.ts
FNF:0
FNH:0
DA:5,1
DA:12,1
DA:19,1
DA:23,1
DA:29,1
DA:43,1
LF:6
LH:6
BRDA:9,0,0,0
BRDA:9,0,1,1
BRF:2
BRH:1
end_of_record
TN:
SF:src\services\api.ts
FNF:0
FNH:0
DA:3,1
LF:1
LH:1
BRF:0
BRH:0
end_of_record
TN:
SF:src\utils\getValidationErrors.ts
FN:7,getValidationErrors
FN:10,(anonymous_1)
FNF:2
FNH:0
FNDA:0,getValidationErrors
FNDA:0,(anonymous_1)
DA:8,0
DA:10,0
DA:11,0
DA:14,0
LF:4
LH:0
BRF:0
BRH:0
end_of_record
